[1.675s] Invoking command in '/home/pi/ros2-workspace/src/data_engineering': DEBUGINFOD_URLS=https://debuginfod.ubuntu.com PYTHONPATH=/home/pi/ros2-workspace/build/data_engineering/prefix_override:/usr/lib/python3/dist-packages/colcon_core/task/python/colcon_distutils_commands:/home/pi/ros2-workspace/install/data_engineering/lib/python3.12/site-packages:${PYTHONPATH} /usr/bin/python3 -W ignore:setup.py install is deprecated -W ignore:easy_install command is deprecated setup.py egg_info --egg-base ../../build/data_engineering build --build-base /home/pi/ros2-workspace/build/data_engineering/build install --record /home/pi/ros2-workspace/build/data_engineering/install.log --single-version-externally-managed install_data
[2.134s] running egg_info
[2.135s] creating ../../build/data_engineering/data_engineering.egg-info
[2.154s] writing ../../build/data_engineering/data_engineering.egg-info/PKG-INFO
[2.154s] writing dependency_links to ../../build/data_engineering/data_engineering.egg-info/dependency_links.txt
[2.154s] writing entry points to ../../build/data_engineering/data_engineering.egg-info/entry_points.txt
[2.154s] writing requirements to ../../build/data_engineering/data_engineering.egg-info/requires.txt
[2.154s] writing top-level names to ../../build/data_engineering/data_engineering.egg-info/top_level.txt
[2.155s] writing manifest file '../../build/data_engineering/data_engineering.egg-info/SOURCES.txt'
[2.194s] reading manifest file '../../build/data_engineering/data_engineering.egg-info/SOURCES.txt'
[2.195s] writing manifest file '../../build/data_engineering/data_engineering.egg-info/SOURCES.txt'
[2.195s] running build
[2.195s] running build_py
[2.195s] creating /home/pi/ros2-workspace/build/data_engineering/build
[2.195s] creating /home/pi/ros2-workspace/build/data_engineering/build/lib
[2.195s] creating /home/pi/ros2-workspace/build/data_engineering/build/lib/data_engineering
[2.195s] copying data_engineering/publisher_node.py -> /home/pi/ros2-workspace/build/data_engineering/build/lib/data_engineering
[2.196s] copying data_engineering/__init__.py -> /home/pi/ros2-workspace/build/data_engineering/build/lib/data_engineering
[2.196s] running install
[2.205s] running install_lib
[2.225s] creating /home/pi/ros2-workspace/install/data_engineering/lib/python3.12/site-packages/data_engineering
[2.225s] copying /home/pi/ros2-workspace/build/data_engineering/build/lib/data_engineering/publisher_node.py -> /home/pi/ros2-workspace/install/data_engineering/lib/python3.12/site-packages/data_engineering
[2.225s] copying /home/pi/ros2-workspace/build/data_engineering/build/lib/data_engineering/__init__.py -> /home/pi/ros2-workspace/install/data_engineering/lib/python3.12/site-packages/data_engineering
[2.226s] byte-compiling /home/pi/ros2-workspace/install/data_engineering/lib/python3.12/site-packages/data_engineering/publisher_node.py to publisher_node.cpython-312.pyc
[2.226s] byte-compiling /home/pi/ros2-workspace/install/data_engineering/lib/python3.12/site-packages/data_engineering/__init__.py to __init__.cpython-312.pyc
[2.227s] running install_data
[2.227s] creating /home/pi/ros2-workspace/install/data_engineering/share/ament_index
[2.227s] creating /home/pi/ros2-workspace/install/data_engineering/share/ament_index/resource_index
[2.227s] creating /home/pi/ros2-workspace/install/data_engineering/share/ament_index/resource_index/packages
[2.227s] copying resource/data_engineering -> /home/pi/ros2-workspace/install/data_engineering/share/ament_index/resource_index/packages
[2.227s] copying package.xml -> /home/pi/ros2-workspace/install/data_engineering/share/data_engineering
[2.227s] running install_egg_info
[2.249s] Copying ../../build/data_engineering/data_engineering.egg-info to /home/pi/ros2-workspace/install/data_engineering/lib/python3.12/site-packages/data_engineering-0.0.0-py3.12.egg-info
[2.250s] running install_scripts
[2.386s] Installing publisher_node script to /home/pi/ros2-workspace/install/data_engineering/lib/data_engineering
[2.387s] writing list of installed files to '/home/pi/ros2-workspace/build/data_engineering/install.log'
[2.506s] Invoked command in '/home/pi/ros2-workspace/src/data_engineering' returned '0': DEBUGINFOD_URLS=https://debuginfod.ubuntu.com PYTHONPATH=/home/pi/ros2-workspace/build/data_engineering/prefix_override:/usr/lib/python3/dist-packages/colcon_core/task/python/colcon_distutils_commands:/home/pi/ros2-workspace/install/data_engineering/lib/python3.12/site-packages:${PYTHONPATH} /usr/bin/python3 -W ignore:setup.py install is deprecated -W ignore:easy_install command is deprecated setup.py egg_info --egg-base ../../build/data_engineering build --build-base /home/pi/ros2-workspace/build/data_engineering/build install --record /home/pi/ros2-workspace/build/data_engineering/install.log --single-version-externally-managed install_data
